<?xml version="1.0" encoding="UTF-8"?>
<!-- Generated by org.testng.reporters.JUnitReportReporter -->
<testsuite hostname="Dell" name="com.basic.testinggoogle.TestingGoogleWebsite" tests="1" failures="0" timestamp="23 Jun 2019 15:21:32 GMT" time="5.244" errors="0">
  <testcase name="googleTest" time="5.244" classname="com.basic.testinggoogle.TestingGoogleWebsite"/>
</testsuite> <!-- com.basic.testinggoogle.TestingGoogleWebsite -->
